{
  "C:\\Users\\Adam\\Desktop\\mugatu\\context\\bagContext.tsx": {
    "path": "C:\\Users\\Adam\\Desktop\\mugatu\\context\\bagContext.tsx",
    "statementMap": {
      "0": {
        "start": {
          "line": 18,
          "column": 26
        },
        "end": {
          "line": 18,
          "column": 73
        }
      },
      "1": {
        "start": {
          "line": 21,
          "column": 14
        },
        "end": {
          "line": 21,
          "column": 29
        }
      },
      "2": {
        "start": {
          "line": 22,
          "column": 2
        },
        "end": {
          "line": 22,
          "column": 74
        }
      },
      "3": {
        "start": {
          "line": 26,
          "column": 22
        },
        "end": {
          "line": 28,
          "column": 1
        }
      },
      "4": {
        "start": {
          "line": 27,
          "column": 2
        },
        "end": {
          "line": 27,
          "column": 31
        }
      },
      "5": {
        "start": {
          "line": 30,
          "column": 22
        },
        "end": {
          "line": 146,
          "column": 1
        }
      },
      "6": {
        "start": {
          "line": 31,
          "column": 24
        },
        "end": {
          "line": 31,
          "column": 36
        }
      },
      "7": {
        "start": {
          "line": 33,
          "column": 19
        },
        "end": {
          "line": 41,
          "column": 3
        }
      },
      "8": {
        "start": {
          "line": 34,
          "column": 4
        },
        "end": {
          "line": 40,
          "column": 5
        }
      },
      "9": {
        "start": {
          "line": 35,
          "column": 21
        },
        "end": {
          "line": 35,
          "column": 45
        }
      },
      "10": {
        "start": {
          "line": 36,
          "column": 19
        },
        "end": {
          "line": 36,
          "column": 38
        }
      },
      "11": {
        "start": {
          "line": 37,
          "column": 6
        },
        "end": {
          "line": 37,
          "column": 22
        }
      },
      "12": {
        "start": {
          "line": 39,
          "column": 6
        },
        "end": {
          "line": 39,
          "column": 24
        }
      },
      "13": {
        "start": {
          "line": 43,
          "column": 27
        },
        "end": {
          "line": 66,
          "column": 3
        }
      },
      "14": {
        "start": {
          "line": 44,
          "column": 4
        },
        "end": {
          "line": 65,
          "column": 5
        }
      },
      "15": {
        "start": {
          "line": 46,
          "column": 6
        },
        "end": {
          "line": 58,
          "column": 7
        }
      },
      "16": {
        "start": {
          "line": 47,
          "column": 25
        },
        "end": {
          "line": 53,
          "column": 10
        }
      },
      "17": {
        "start": {
          "line": 54,
          "column": 21
        },
        "end": {
          "line": 54,
          "column": 42
        }
      },
      "18": {
        "start": {
          "line": 55,
          "column": 8
        },
        "end": {
          "line": 55,
          "column": 24
        }
      },
      "19": {
        "start": {
          "line": 57,
          "column": 8
        },
        "end": {
          "line": 57,
          "column": 68
        }
      },
      "20": {
        "start": {
          "line": 60,
          "column": 6
        },
        "end": {
          "line": 64,
          "column": 7
        }
      },
      "21": {
        "start": {
          "line": 61,
          "column": 8
        },
        "end": {
          "line": 61,
          "column": 24
        }
      },
      "22": {
        "start": {
          "line": 63,
          "column": 8
        },
        "end": {
          "line": 63,
          "column": 68
        }
      },
      "23": {
        "start": {
          "line": 68,
          "column": 19
        },
        "end": {
          "line": 101,
          "column": 3
        }
      },
      "24": {
        "start": {
          "line": 69,
          "column": 4
        },
        "end": {
          "line": 100,
          "column": 5
        }
      },
      "25": {
        "start": {
          "line": 70,
          "column": 6
        },
        "end": {
          "line": 91,
          "column": 7
        }
      },
      "26": {
        "start": {
          "line": 71,
          "column": 25
        },
        "end": {
          "line": 77,
          "column": 10
        }
      },
      "27": {
        "start": {
          "line": 78,
          "column": 21
        },
        "end": {
          "line": 78,
          "column": 42
        }
      },
      "28": {
        "start": {
          "line": 79,
          "column": 8
        },
        "end": {
          "line": 79,
          "column": 24
        }
      },
      "29": {
        "start": {
          "line": 80,
          "column": 8
        },
        "end": {
          "line": 84,
          "column": 9
        }
      },
      "30": {
        "start": {
          "line": 86,
          "column": 8
        },
        "end": {
          "line": 90,
          "column": 9
        }
      },
      "31": {
        "start": {
          "line": 93,
          "column": 26
        },
        "end": {
          "line": 93,
          "column": 82
        }
      },
      "32": {
        "start": {
          "line": 93,
          "column": 59
        },
        "end": {
          "line": 93,
          "column": 81
        }
      },
      "33": {
        "start": {
          "line": 94,
          "column": 6
        },
        "end": {
          "line": 94,
          "column": 36
        }
      },
      "34": {
        "start": {
          "line": 95,
          "column": 6
        },
        "end": {
          "line": 99,
          "column": 7
        }
      },
      "35": {
        "start": {
          "line": 103,
          "column": 24
        },
        "end": {
          "line": 137,
          "column": 3
        }
      },
      "36": {
        "start": {
          "line": 104,
          "column": 4
        },
        "end": {
          "line": 136,
          "column": 5
        }
      },
      "37": {
        "start": {
          "line": 105,
          "column": 25
        },
        "end": {
          "line": 105,
          "column": 71
        }
      },
      "38": {
        "start": {
          "line": 105,
          "column": 53
        },
        "end": {
          "line": 105,
          "column": 70
        }
      },
      "39": {
        "start": {
          "line": 106,
          "column": 6
        },
        "end": {
          "line": 106,
          "column": 24
        }
      },
      "40": {
        "start": {
          "line": 107,
          "column": 6
        },
        "end": {
          "line": 111,
          "column": 7
        }
      },
      "41": {
        "start": {
          "line": 113,
          "column": 6
        },
        "end": {
          "line": 135,
          "column": 7
        }
      },
      "42": {
        "start": {
          "line": 114,
          "column": 25
        },
        "end": {
          "line": 120,
          "column": 10
        }
      },
      "43": {
        "start": {
          "line": 121,
          "column": 21
        },
        "end": {
          "line": 121,
          "column": 42
        }
      },
      "44": {
        "start": {
          "line": 122,
          "column": 27
        },
        "end": {
          "line": 122,
          "column": 73
        }
      },
      "45": {
        "start": {
          "line": 122,
          "column": 55
        },
        "end": {
          "line": 122,
          "column": 72
        }
      },
      "46": {
        "start": {
          "line": 123,
          "column": 8
        },
        "end": {
          "line": 123,
          "column": 26
        }
      },
      "47": {
        "start": {
          "line": 124,
          "column": 8
        },
        "end": {
          "line": 128,
          "column": 9
        }
      },
      "48": {
        "start": {
          "line": 130,
          "column": 8
        },
        "end": {
          "line": 134,
          "column": 9
        }
      },
      "49": {
        "start": {
          "line": 139,
          "column": 2
        },
        "end": {
          "line": 145,
          "column": 12
        }
      }
    },
    "fnMap": {
      "0": {
        "name": "ProvideBag",
        "decl": {
          "start": {
            "line": 20,
            "column": 16
          },
          "end": {
            "line": 20,
            "column": 26
          }
        },
        "loc": {
          "start": {
            "line": 20,
            "column": 85
          },
          "end": {
            "line": 23,
            "column": 1
          }
        },
        "line": 20
      },
      "1": {
        "name": "(anonymous_1)",
        "decl": {
          "start": {
            "line": 26,
            "column": 22
          },
          "end": {
            "line": 26,
            "column": 23
          }
        },
        "loc": {
          "start": {
            "line": 26,
            "column": 28
          },
          "end": {
            "line": 28,
            "column": 1
          }
        },
        "line": 26
      },
      "2": {
        "name": "(anonymous_2)",
        "decl": {
          "start": {
            "line": 30,
            "column": 22
          },
          "end": {
            "line": 30,
            "column": 23
          }
        },
        "loc": {
          "start": {
            "line": 30,
            "column": 28
          },
          "end": {
            "line": 146,
            "column": 1
          }
        },
        "line": 30
      },
      "3": {
        "name": "(anonymous_3)",
        "decl": {
          "start": {
            "line": 33,
            "column": 19
          },
          "end": {
            "line": 33,
            "column": 20
          }
        },
        "loc": {
          "start": {
            "line": 33,
            "column": 31
          },
          "end": {
            "line": 41,
            "column": 3
          }
        },
        "line": 33
      },
      "4": {
        "name": "(anonymous_4)",
        "decl": {
          "start": {
            "line": 43,
            "column": 27
          },
          "end": {
            "line": 43,
            "column": 28
          }
        },
        "loc": {
          "start": {
            "line": 43,
            "column": 39
          },
          "end": {
            "line": 66,
            "column": 3
          }
        },
        "line": 43
      },
      "5": {
        "name": "(anonymous_5)",
        "decl": {
          "start": {
            "line": 68,
            "column": 19
          },
          "end": {
            "line": 68,
            "column": 20
          }
        },
        "loc": {
          "start": {
            "line": 68,
            "column": 62
          },
          "end": {
            "line": 101,
            "column": 3
          }
        },
        "line": 68
      },
      "6": {
        "name": "(anonymous_6)",
        "decl": {
          "start": {
            "line": 93,
            "column": 37
          },
          "end": {
            "line": 93,
            "column": 38
          }
        },
        "loc": {
          "start": {
            "line": 93,
            "column": 59
          },
          "end": {
            "line": 93,
            "column": 81
          }
        },
        "line": 93
      },
      "7": {
        "name": "(anonymous_7)",
        "decl": {
          "start": {
            "line": 103,
            "column": 24
          },
          "end": {
            "line": 103,
            "column": 25
          }
        },
        "loc": {
          "start": {
            "line": 103,
            "column": 67
          },
          "end": {
            "line": 137,
            "column": 3
          }
        },
        "line": 103
      },
      "8": {
        "name": "(anonymous_8)",
        "decl": {
          "start": {
            "line": 105,
            "column": 36
          },
          "end": {
            "line": 105,
            "column": 37
          }
        },
        "loc": {
          "start": {
            "line": 105,
            "column": 53
          },
          "end": {
            "line": 105,
            "column": 70
          }
        },
        "line": 105
      },
      "9": {
        "name": "(anonymous_9)",
        "decl": {
          "start": {
            "line": 122,
            "column": 38
          },
          "end": {
            "line": 122,
            "column": 39
          }
        },
        "loc": {
          "start": {
            "line": 122,
            "column": 55
          },
          "end": {
            "line": 122,
            "column": 72
          }
        },
        "line": 122
      }
    },
    "branchMap": {
      "0": {
        "loc": {
          "start": {
            "line": 44,
            "column": 4
          },
          "end": {
            "line": 65,
            "column": 5
          }
        },
        "type": "if",
        "locations": [
          {
            "start": {
              "line": 44,
              "column": 4
            },
            "end": {
              "line": 65,
              "column": 5
            }
          },
          {
            "start": {
              "line": 44,
              "column": 4
            },
            "end": {
              "line": 65,
              "column": 5
            }
          }
        ],
        "line": 44
      },
      "1": {
        "loc": {
          "start": {
            "line": 68,
            "column": 41
          },
          "end": {
            "line": 68,
            "column": 57
          }
        },
        "type": "default-arg",
        "locations": [
          {
            "start": {
              "line": 68,
              "column": 52
            },
            "end": {
              "line": 68,
              "column": 57
            }
          }
        ],
        "line": 68
      },
      "2": {
        "loc": {
          "start": {
            "line": 69,
            "column": 4
          },
          "end": {
            "line": 100,
            "column": 5
          }
        },
        "type": "if",
        "locations": [
          {
            "start": {
              "line": 69,
              "column": 4
            },
            "end": {
              "line": 100,
              "column": 5
            }
          },
          {
            "start": {
              "line": 69,
              "column": 4
            },
            "end": {
              "line": 100,
              "column": 5
            }
          }
        ],
        "line": 69
      },
      "3": {
        "loc": {
          "start": {
            "line": 103,
            "column": 46
          },
          "end": {
            "line": 103,
            "column": 62
          }
        },
        "type": "default-arg",
        "locations": [
          {
            "start": {
              "line": 103,
              "column": 57
            },
            "end": {
              "line": 103,
              "column": 62
            }
          }
        ],
        "line": 103
      },
      "4": {
        "loc": {
          "start": {
            "line": 104,
            "column": 4
          },
          "end": {
            "line": 136,
            "column": 5
          }
        },
        "type": "if",
        "locations": [
          {
            "start": {
              "line": 104,
              "column": 4
            },
            "end": {
              "line": 136,
              "column": 5
            }
          },
          {
            "start": {
              "line": 104,
              "column": 4
            },
            "end": {
              "line": 136,
              "column": 5
            }
          }
        ],
        "line": 104
      }
    },
    "s": {
      "0": 2,
      "1": 2,
      "2": 2,
      "3": 2,
      "4": 8,
      "5": 2,
      "6": 2,
      "7": 2,
      "8": 0,
      "9": 0,
      "10": 0,
      "11": 0,
      "12": 0,
      "13": 2,
      "14": 0,
      "15": 0,
      "16": 0,
      "17": 0,
      "18": 0,
      "19": 0,
      "20": 0,
      "21": 0,
      "22": 0,
      "23": 2,
      "24": 0,
      "25": 0,
      "26": 0,
      "27": 0,
      "28": 0,
      "29": 0,
      "30": 0,
      "31": 0,
      "32": 0,
      "33": 0,
      "34": 0,
      "35": 2,
      "36": 0,
      "37": 0,
      "38": 0,
      "39": 0,
      "40": 0,
      "41": 0,
      "42": 0,
      "43": 0,
      "44": 0,
      "45": 0,
      "46": 0,
      "47": 0,
      "48": 0,
      "49": 2
    },
    "f": {
      "0": 2,
      "1": 8,
      "2": 2,
      "3": 0,
      "4": 0,
      "5": 0,
      "6": 0,
      "7": 0,
      "8": 0,
      "9": 0
    },
    "b": {
      "0": [
        0,
        0
      ],
      "1": [
        0
      ],
      "2": [
        0,
        0
      ],
      "3": [
        0
      ],
      "4": [
        0,
        0
      ]
    },
    "_coverageSchema": "1a1c01bbd47fc00a2c39e90264f33305004495a9",
    "hash": "c48248d4e85837fb28345933bf5e520992097c69"
  },
  "C:\\Users\\Adam\\Desktop\\mugatu\\styles\\components\\Button.ts": {
    "path": "C:\\Users\\Adam\\Desktop\\mugatu\\styles\\components\\Button.ts",
    "statementMap": {
      "0": {
        "start": {
          "line": 2,
          "column": 15
        },
        "end": {
          "line": 99,
          "column": 1
        }
      },
      "1": {
        "start": {
          "line": 35,
          "column": 31
        },
        "end": {
          "line": 39,
          "column": 5
        }
      },
      "2": {
        "start": {
          "line": 67,
          "column": 36
        },
        "end": {
          "line": 77,
          "column": 5
        }
      },
      "3": {
        "start": {
          "line": 79,
          "column": 28
        },
        "end": {
          "line": 93,
          "column": 5
        }
      }
    },
    "fnMap": {
      "0": {
        "name": "(anonymous_0)",
        "decl": {
          "start": {
            "line": 35,
            "column": 14
          },
          "end": {
            "line": 35,
            "column": 15
          }
        },
        "loc": {
          "start": {
            "line": 35,
            "column": 31
          },
          "end": {
            "line": 39,
            "column": 5
          }
        },
        "line": 35
      },
      "1": {
        "name": "(anonymous_1)",
        "decl": {
          "start": {
            "line": 67,
            "column": 19
          },
          "end": {
            "line": 67,
            "column": 20
          }
        },
        "loc": {
          "start": {
            "line": 67,
            "column": 36
          },
          "end": {
            "line": 77,
            "column": 5
          }
        },
        "line": 67
      },
      "2": {
        "name": "(anonymous_2)",
        "decl": {
          "start": {
            "line": 79,
            "column": 11
          },
          "end": {
            "line": 79,
            "column": 12
          }
        },
        "loc": {
          "start": {
            "line": 79,
            "column": 28
          },
          "end": {
            "line": 93,
            "column": 5
          }
        },
        "line": 79
      }
    },
    "branchMap": {
      "0": {
        "loc": {
          "start": {
            "line": 37,
            "column": 19
          },
          "end": {
            "line": 37,
            "column": 74
          }
        },
        "type": "cond-expr",
        "locations": [
          {
            "start": {
              "line": 37,
              "column": 49
            },
            "end": {
              "line": 37,
              "column": 60
            }
          },
          {
            "start": {
              "line": 37,
              "column": 63
            },
            "end": {
              "line": 37,
              "column": 74
            }
          }
        ],
        "line": 37
      },
      "1": {
        "loc": {
          "start": {
            "line": 38,
            "column": 13
          },
          "end": {
            "line": 38,
            "column": 63
          }
        },
        "type": "cond-expr",
        "locations": [
          {
            "start": {
              "line": 38,
              "column": 43
            },
            "end": {
              "line": 38,
              "column": 49
            }
          },
          {
            "start": {
              "line": 38,
              "column": 52
            },
            "end": {
              "line": 38,
              "column": 63
            }
          }
        ],
        "line": 38
      },
      "2": {
        "loc": {
          "start": {
            "line": 72,
            "column": 13
          },
          "end": {
            "line": 72,
            "column": 68
          }
        },
        "type": "cond-expr",
        "locations": [
          {
            "start": {
              "line": 72,
              "column": 43
            },
            "end": {
              "line": 72,
              "column": 54
            }
          },
          {
            "start": {
              "line": 72,
              "column": 57
            },
            "end": {
              "line": 72,
              "column": 68
            }
          }
        ],
        "line": 72
      },
      "3": {
        "loc": {
          "start": {
            "line": 75,
            "column": 15
          },
          "end": {
            "line": 75,
            "column": 60
          }
        },
        "type": "cond-expr",
        "locations": [
          {
            "start": {
              "line": 75,
              "column": 45
            },
            "end": {
              "line": 75,
              "column": 51
            }
          },
          {
            "start": {
              "line": 75,
              "column": 54
            },
            "end": {
              "line": 75,
              "column": 60
            }
          }
        ],
        "line": 75
      },
      "4": {
        "loc": {
          "start": {
            "line": 88,
            "column": 13
          },
          "end": {
            "line": 88,
            "column": 68
          }
        },
        "type": "cond-expr",
        "locations": [
          {
            "start": {
              "line": 88,
              "column": 43
            },
            "end": {
              "line": 88,
              "column": 54
            }
          },
          {
            "start": {
              "line": 88,
              "column": 57
            },
            "end": {
              "line": 88,
              "column": 68
            }
          }
        ],
        "line": 88
      },
      "5": {
        "loc": {
          "start": {
            "line": 91,
            "column": 15
          },
          "end": {
            "line": 91,
            "column": 60
          }
        },
        "type": "cond-expr",
        "locations": [
          {
            "start": {
              "line": 91,
              "column": 45
            },
            "end": {
              "line": 91,
              "column": 51
            }
          },
          {
            "start": {
              "line": 91,
              "column": 54
            },
            "end": {
              "line": 91,
              "column": 60
            }
          }
        ],
        "line": 91
      }
    },
    "s": {
      "0": 2,
      "1": 7,
      "2": 0,
      "3": 0
    },
    "f": {
      "0": 7,
      "1": 0,
      "2": 0
    },
    "b": {
      "0": [
        7,
        0
      ],
      "1": [
        7,
        0
      ],
      "2": [
        0,
        0
      ],
      "3": [
        0,
        0
      ],
      "4": [
        0,
        0
      ],
      "5": [
        0,
        0
      ]
    },
    "_coverageSchema": "1a1c01bbd47fc00a2c39e90264f33305004495a9",
    "hash": "b730aa6e5d125498f15f38c7558df9c8fb5c461c"
  },
  "C:\\Users\\Adam\\Desktop\\mugatu\\styles\\components\\Heading.ts": {
    "path": "C:\\Users\\Adam\\Desktop\\mugatu\\styles\\components\\Heading.ts",
    "statementMap": {
      "0": {
        "start": {
          "line": 1,
          "column": 16
        },
        "end": {
          "line": 5,
          "column": 1
        }
      }
    },
    "fnMap": {},
    "branchMap": {},
    "s": {
      "0": 2
    },
    "f": {},
    "b": {},
    "_coverageSchema": "1a1c01bbd47fc00a2c39e90264f33305004495a9",
    "hash": "d50af54a23f4a60729f2b7af385c20758006d068"
  },
  "C:\\Users\\Adam\\Desktop\\mugatu\\styles\\chakraTheme.ts": {
    "path": "C:\\Users\\Adam\\Desktop\\mugatu\\styles\\chakraTheme.ts",
    "statementMap": {
      "0": {
        "start": {
          "line": 5,
          "column": 15
        },
        "end": {
          "line": 32,
          "column": 1
        }
      },
      "1": {
        "start": {
          "line": 18,
          "column": 29
        },
        "end": {
          "line": 26,
          "column": 5
        }
      },
      "2": {
        "start": {
          "line": 34,
          "column": 21
        },
        "end": {
          "line": 34,
          "column": 40
        }
      }
    },
    "fnMap": {
      "0": {
        "name": "(anonymous_0)",
        "decl": {
          "start": {
            "line": 18,
            "column": 12
          },
          "end": {
            "line": 18,
            "column": 13
          }
        },
        "loc": {
          "start": {
            "line": 18,
            "column": 29
          },
          "end": {
            "line": 26,
            "column": 5
          }
        },
        "line": 18
      }
    },
    "branchMap": {
      "0": {
        "loc": {
          "start": {
            "line": 20,
            "column": 15
          },
          "end": {
            "line": 20,
            "column": 65
          }
        },
        "type": "cond-expr",
        "locations": [
          {
            "start": {
              "line": 20,
              "column": 45
            },
            "end": {
              "line": 20,
              "column": 51
            }
          },
          {
            "start": {
              "line": 20,
              "column": 54
            },
            "end": {
              "line": 20,
              "column": 65
            }
          }
        ],
        "line": 20
      },
      "1": {
        "loc": {
          "start": {
            "line": 21,
            "column": 12
          },
          "end": {
            "line": 21,
            "column": 67
          }
        },
        "type": "cond-expr",
        "locations": [
          {
            "start": {
              "line": 21,
              "column": 42
            },
            "end": {
              "line": 21,
              "column": 53
            }
          },
          {
            "start": {
              "line": 21,
              "column": 56
            },
            "end": {
              "line": 21,
              "column": 67
            }
          }
        ],
        "line": 21
      }
    },
    "s": {
      "0": 2,
      "1": 2,
      "2": 2
    },
    "f": {
      "0": 2
    },
    "b": {
      "0": [
        2,
        0
      ],
      "1": [
        2,
        0
      ]
    },
    "_coverageSchema": "1a1c01bbd47fc00a2c39e90264f33305004495a9",
    "hash": "4a66d7d43d49d80dffc57611d76ba4b7cbee04e5"
  },
  "C:\\Users\\Adam\\Desktop\\mugatu\\context\\wishlistContext.tsx": {
    "path": "C:\\Users\\Adam\\Desktop\\mugatu\\context\\wishlistContext.tsx",
    "statementMap": {
      "0": {
        "start": {
          "line": 17,
          "column": 31
        },
        "end": {
          "line": 17,
          "column": 83
        }
      },
      "1": {
        "start": {
          "line": 20,
          "column": 19
        },
        "end": {
          "line": 20,
          "column": 39
        }
      },
      "2": {
        "start": {
          "line": 21,
          "column": 2
        },
        "end": {
          "line": 21,
          "column": 89
        }
      },
      "3": {
        "start": {
          "line": 25,
          "column": 27
        },
        "end": {
          "line": 27,
          "column": 1
        }
      },
      "4": {
        "start": {
          "line": 26,
          "column": 2
        },
        "end": {
          "line": 26,
          "column": 36
        }
      },
      "5": {
        "start": {
          "line": 29,
          "column": 27
        },
        "end": {
          "line": 111,
          "column": 1
        }
      },
      "6": {
        "start": {
          "line": 30,
          "column": 34
        },
        "end": {
          "line": 30,
          "column": 46
        }
      },
      "7": {
        "start": {
          "line": 32,
          "column": 24
        },
        "end": {
          "line": 44,
          "column": 3
        }
      },
      "8": {
        "start": {
          "line": 33,
          "column": 4
        },
        "end": {
          "line": 43,
          "column": 5
        }
      },
      "9": {
        "start": {
          "line": 34,
          "column": 23
        },
        "end": {
          "line": 34,
          "column": 52
        }
      },
      "10": {
        "start": {
          "line": 35,
          "column": 27
        },
        "end": {
          "line": 35,
          "column": 48
        }
      },
      "11": {
        "start": {
          "line": 36,
          "column": 6
        },
        "end": {
          "line": 36,
          "column": 27
        }
      },
      "12": {
        "start": {
          "line": 38,
          "column": 6
        },
        "end": {
          "line": 42,
          "column": 7
        }
      },
      "13": {
        "start": {
          "line": 46,
          "column": 24
        },
        "end": {
          "line": 77,
          "column": 3
        }
      },
      "14": {
        "start": {
          "line": 47,
          "column": 4
        },
        "end": {
          "line": 76,
          "column": 5
        }
      },
      "15": {
        "start": {
          "line": 47,
          "column": 36
        },
        "end": {
          "line": 47,
          "column": 58
        }
      },
      "16": {
        "start": {
          "line": 48,
          "column": 6
        },
        "end": {
          "line": 69,
          "column": 7
        }
      },
      "17": {
        "start": {
          "line": 49,
          "column": 25
        },
        "end": {
          "line": 55,
          "column": 10
        }
      },
      "18": {
        "start": {
          "line": 56,
          "column": 25
        },
        "end": {
          "line": 56,
          "column": 46
        }
      },
      "19": {
        "start": {
          "line": 57,
          "column": 8
        },
        "end": {
          "line": 57,
          "column": 40
        }
      },
      "20": {
        "start": {
          "line": 58,
          "column": 8
        },
        "end": {
          "line": 62,
          "column": 9
        }
      },
      "21": {
        "start": {
          "line": 64,
          "column": 8
        },
        "end": {
          "line": 68,
          "column": 9
        }
      },
      "22": {
        "start": {
          "line": 71,
          "column": 6
        },
        "end": {
          "line": 75,
          "column": 7
        }
      },
      "23": {
        "start": {
          "line": 79,
          "column": 29
        },
        "end": {
          "line": 103,
          "column": 3
        }
      },
      "24": {
        "start": {
          "line": 80,
          "column": 4
        },
        "end": {
          "line": 102,
          "column": 5
        }
      },
      "25": {
        "start": {
          "line": 81,
          "column": 23
        },
        "end": {
          "line": 87,
          "column": 8
        }
      },
      "26": {
        "start": {
          "line": 88,
          "column": 26
        },
        "end": {
          "line": 88,
          "column": 47
        }
      },
      "27": {
        "start": {
          "line": 89,
          "column": 30
        },
        "end": {
          "line": 89,
          "column": 82
        }
      },
      "28": {
        "start": {
          "line": 89,
          "column": 59
        },
        "end": {
          "line": 89,
          "column": 81
        }
      },
      "29": {
        "start": {
          "line": 90,
          "column": 6
        },
        "end": {
          "line": 90,
          "column": 34
        }
      },
      "30": {
        "start": {
          "line": 91,
          "column": 6
        },
        "end": {
          "line": 95,
          "column": 7
        }
      },
      "31": {
        "start": {
          "line": 97,
          "column": 6
        },
        "end": {
          "line": 101,
          "column": 7
        }
      },
      "32": {
        "start": {
          "line": 105,
          "column": 2
        },
        "end": {
          "line": 110,
          "column": 12
        }
      }
    },
    "fnMap": {
      "0": {
        "name": "ProvideWishlist",
        "decl": {
          "start": {
            "line": 19,
            "column": 16
          },
          "end": {
            "line": 19,
            "column": 31
          }
        },
        "loc": {
          "start": {
            "line": 19,
            "column": 90
          },
          "end": {
            "line": 22,
            "column": 1
          }
        },
        "line": 19
      },
      "1": {
        "name": "(anonymous_1)",
        "decl": {
          "start": {
            "line": 25,
            "column": 27
          },
          "end": {
            "line": 25,
            "column": 28
          }
        },
        "loc": {
          "start": {
            "line": 25,
            "column": 33
          },
          "end": {
            "line": 27,
            "column": 1
          }
        },
        "line": 25
      },
      "2": {
        "name": "(anonymous_2)",
        "decl": {
          "start": {
            "line": 29,
            "column": 27
          },
          "end": {
            "line": 29,
            "column": 28
          }
        },
        "loc": {
          "start": {
            "line": 29,
            "column": 33
          },
          "end": {
            "line": 111,
            "column": 1
          }
        },
        "line": 29
      },
      "3": {
        "name": "(anonymous_3)",
        "decl": {
          "start": {
            "line": 32,
            "column": 24
          },
          "end": {
            "line": 32,
            "column": 25
          }
        },
        "loc": {
          "start": {
            "line": 32,
            "column": 36
          },
          "end": {
            "line": 44,
            "column": 3
          }
        },
        "line": 32
      },
      "4": {
        "name": "(anonymous_4)",
        "decl": {
          "start": {
            "line": 46,
            "column": 24
          },
          "end": {
            "line": 46,
            "column": 25
          }
        },
        "loc": {
          "start": {
            "line": 46,
            "column": 46
          },
          "end": {
            "line": 77,
            "column": 3
          }
        },
        "line": 46
      },
      "5": {
        "name": "(anonymous_5)",
        "decl": {
          "start": {
            "line": 47,
            "column": 23
          },
          "end": {
            "line": 47,
            "column": 24
          }
        },
        "loc": {
          "start": {
            "line": 47,
            "column": 36
          },
          "end": {
            "line": 47,
            "column": 58
          }
        },
        "line": 47
      },
      "6": {
        "name": "(anonymous_6)",
        "decl": {
          "start": {
            "line": 79,
            "column": 29
          },
          "end": {
            "line": 79,
            "column": 30
          }
        },
        "loc": {
          "start": {
            "line": 79,
            "column": 51
          },
          "end": {
            "line": 103,
            "column": 3
          }
        },
        "line": 79
      },
      "7": {
        "name": "(anonymous_7)",
        "decl": {
          "start": {
            "line": 89,
            "column": 46
          },
          "end": {
            "line": 89,
            "column": 47
          }
        },
        "loc": {
          "start": {
            "line": 89,
            "column": 59
          },
          "end": {
            "line": 89,
            "column": 81
          }
        },
        "line": 89
      }
    },
    "branchMap": {
      "0": {
        "loc": {
          "start": {
            "line": 47,
            "column": 4
          },
          "end": {
            "line": 76,
            "column": 5
          }
        },
        "type": "if",
        "locations": [
          {
            "start": {
              "line": 47,
              "column": 4
            },
            "end": {
              "line": 76,
              "column": 5
            }
          },
          {
            "start": {
              "line": 47,
              "column": 4
            },
            "end": {
              "line": 76,
              "column": 5
            }
          }
        ],
        "line": 47
      }
    },
    "s": {
      "0": 2,
      "1": 2,
      "2": 2,
      "3": 2,
      "4": 4,
      "5": 2,
      "6": 2,
      "7": 2,
      "8": 0,
      "9": 0,
      "10": 0,
      "11": 0,
      "12": 0,
      "13": 2,
      "14": 0,
      "15": 0,
      "16": 0,
      "17": 0,
      "18": 0,
      "19": 0,
      "20": 0,
      "21": 0,
      "22": 0,
      "23": 2,
      "24": 0,
      "25": 0,
      "26": 0,
      "27": 0,
      "28": 0,
      "29": 0,
      "30": 0,
      "31": 0,
      "32": 2
    },
    "f": {
      "0": 2,
      "1": 4,
      "2": 2,
      "3": 0,
      "4": 0,
      "5": 0,
      "6": 0,
      "7": 0
    },
    "b": {
      "0": [
        0,
        0
      ]
    },
    "_coverageSchema": "1a1c01bbd47fc00a2c39e90264f33305004495a9",
    "hash": "d7b63683946b43b58e84521567162ba00ce5a740"
  },
  "C:\\Users\\Adam\\Desktop\\mugatu\\context\\searchContext.tsx": {
    "path": "C:\\Users\\Adam\\Desktop\\mugatu\\context\\searchContext.tsx",
    "statementMap": {
      "0": {
        "start": {
          "line": 15,
          "column": 22
        },
        "end": {
          "line": 15,
          "column": 72
        }
      },
      "1": {
        "start": {
          "line": 18,
          "column": 17
        },
        "end": {
          "line": 18,
          "column": 35
        }
      },
      "2": {
        "start": {
          "line": 19,
          "column": 2
        },
        "end": {
          "line": 19,
          "column": 83
        }
      },
      "3": {
        "start": {
          "line": 23,
          "column": 25
        },
        "end": {
          "line": 25,
          "column": 1
        }
      },
      "4": {
        "start": {
          "line": 24,
          "column": 2
        },
        "end": {
          "line": 24,
          "column": 34
        }
      },
      "5": {
        "start": {
          "line": 27,
          "column": 25
        },
        "end": {
          "line": 59,
          "column": 1
        }
      },
      "6": {
        "start": {
          "line": 28,
          "column": 40
        },
        "end": {
          "line": 28,
          "column": 52
        }
      },
      "7": {
        "start": {
          "line": 29,
          "column": 38
        },
        "end": {
          "line": 29,
          "column": 50
        }
      },
      "8": {
        "start": {
          "line": 30,
          "column": 44
        },
        "end": {
          "line": 30,
          "column": 56
        }
      },
      "9": {
        "start": {
          "line": 31,
          "column": 32
        },
        "end": {
          "line": 31,
          "column": 47
        }
      },
      "10": {
        "start": {
          "line": 32,
          "column": 28
        },
        "end": {
          "line": 32,
          "column": 43
        }
      },
      "11": {
        "start": {
          "line": 35,
          "column": 4
        },
        "end": {
          "line": 42,
          "column": 5
        }
      },
      "12": {
        "start": {
          "line": 36,
          "column": 18
        },
        "end": {
          "line": 36,
          "column": 35
        }
      },
      "13": {
        "start": {
          "line": 37,
          "column": 23
        },
        "end": {
          "line": 37,
          "column": 39
        }
      },
      "14": {
        "start": {
          "line": 38,
          "column": 23
        },
        "end": {
          "line": 38,
          "column": 44
        }
      },
      "15": {
        "start": {
          "line": 39,
          "column": 6
        },
        "end": {
          "line": 39,
          "column": 25
        }
      },
      "16": {
        "start": {
          "line": 41,
          "column": 6
        },
        "end": {
          "line": 41,
          "column": 19
        }
      },
      "17": {
        "start": {
          "line": 43,
          "column": 4
        },
        "end": {
          "line": 43,
          "column": 21
        }
      },
      "18": {
        "start": {
          "line": 46,
          "column": 2
        },
        "end": {
          "line": 48,
          "column": 8
        }
      },
      "19": {
        "start": {
          "line": 47,
          "column": 4
        },
        "end": {
          "line": 47,
          "column": 21
        }
      },
      "20": {
        "start": {
          "line": 50,
          "column": 2
        },
        "end": {
          "line": 58,
          "column": 12
        }
      }
    },
    "fnMap": {
      "0": {
        "name": "ProvideSearch",
        "decl": {
          "start": {
            "line": 17,
            "column": 16
          },
          "end": {
            "line": 17,
            "column": 29
          }
        },
        "loc": {
          "start": {
            "line": 17,
            "column": 88
          },
          "end": {
            "line": 20,
            "column": 1
          }
        },
        "line": 17
      },
      "1": {
        "name": "(anonymous_1)",
        "decl": {
          "start": {
            "line": 23,
            "column": 25
          },
          "end": {
            "line": 23,
            "column": 26
          }
        },
        "loc": {
          "start": {
            "line": 23,
            "column": 31
          },
          "end": {
            "line": 25,
            "column": 1
          }
        },
        "line": 23
      },
      "2": {
        "name": "(anonymous_2)",
        "decl": {
          "start": {
            "line": 27,
            "column": 25
          },
          "end": {
            "line": 27,
            "column": 26
          }
        },
        "loc": {
          "start": {
            "line": 27,
            "column": 31
          },
          "end": {
            "line": 59,
            "column": 1
          }
        },
        "line": 27
      },
      "3": {
        "name": "fetchSearchData",
        "decl": {
          "start": {
            "line": 34,
            "column": 17
          },
          "end": {
            "line": 34,
            "column": 32
          }
        },
        "loc": {
          "start": {
            "line": 34,
            "column": 35
          },
          "end": {
            "line": 44,
            "column": 3
          }
        },
        "line": 34
      },
      "4": {
        "name": "(anonymous_4)",
        "decl": {
          "start": {
            "line": 46,
            "column": 12
          },
          "end": {
            "line": 46,
            "column": 13
          }
        },
        "loc": {
          "start": {
            "line": 46,
            "column": 18
          },
          "end": {
            "line": 48,
            "column": 3
          }
        },
        "line": 46
      }
    },
    "branchMap": {},
    "s": {
      "0": 2,
      "1": 6,
      "2": 6,
      "3": 2,
      "4": 10,
      "5": 2,
      "6": 6,
      "7": 6,
      "8": 6,
      "9": 6,
      "10": 6,
      "11": 2,
      "12": 2,
      "13": 2,
      "14": 2,
      "15": 1,
      "16": 0,
      "17": 1,
      "18": 6,
      "19": 2,
      "20": 6
    },
    "f": {
      "0": 6,
      "1": 10,
      "2": 6,
      "3": 2,
      "4": 2
    },
    "b": {},
    "_coverageSchema": "1a1c01bbd47fc00a2c39e90264f33305004495a9",
    "hash": "16cf6d17b38eea6756731227a888cae659b76d84"
  },
  "C:\\Users\\Adam\\Desktop\\mugatu\\firebase\\firebaseClient.ts": {
    "path": "C:\\Users\\Adam\\Desktop\\mugatu\\firebase\\firebaseClient.ts",
    "statementMap": {
      "0": {
        "start": {
          "line": 5,
          "column": 22
        },
        "end": {
          "line": 13,
          "column": 1
        }
      },
      "1": {
        "start": {
          "line": 15,
          "column": 0
        },
        "end": {
          "line": 19,
          "column": 1
        }
      },
      "2": {
        "start": {
          "line": 16,
          "column": 2
        },
        "end": {
          "line": 16,
          "column": 45
        }
      },
      "3": {
        "start": {
          "line": 17,
          "column": 2
        },
        "end": {
          "line": 18,
          "column": 3
        }
      },
      "4": {
        "start": {
          "line": 18,
          "column": 3
        },
        "end": {
          "line": 18,
          "column": 44
        }
      }
    },
    "fnMap": {},
    "branchMap": {
      "0": {
        "loc": {
          "start": {
            "line": 15,
            "column": 0
          },
          "end": {
            "line": 19,
            "column": 1
          }
        },
        "type": "if",
        "locations": [
          {
            "start": {
              "line": 15,
              "column": 0
            },
            "end": {
              "line": 19,
              "column": 1
            }
          },
          {
            "start": {
              "line": 15,
              "column": 0
            },
            "end": {
              "line": 19,
              "column": 1
            }
          }
        ],
        "line": 15
      },
      "1": {
        "loc": {
          "start": {
            "line": 15,
            "column": 4
          },
          "end": {
            "line": 15,
            "column": 64
          }
        },
        "type": "binary-expr",
        "locations": [
          {
            "start": {
              "line": 15,
              "column": 4
            },
            "end": {
              "line": 15,
              "column": 33
            }
          },
          {
            "start": {
              "line": 15,
              "column": 37
            },
            "end": {
              "line": 15,
              "column": 64
            }
          }
        ],
        "line": 15
      }
    },
    "s": {
      "0": 2,
      "1": 2,
      "2": 2,
      "3": 2,
      "4": 2
    },
    "f": {},
    "b": {
      "0": [
        2,
        0
      ],
      "1": [
        2,
        2
      ]
    },
    "_coverageSchema": "1a1c01bbd47fc00a2c39e90264f33305004495a9",
    "hash": "05c477eecadc777de78bf462215b7cbe5c4a85dd"
  },
  "C:\\Users\\Adam\\Desktop\\mugatu\\context\\authContext.tsx": {
    "path": "C:\\Users\\Adam\\Desktop\\mugatu\\context\\authContext.tsx",
    "statementMap": {
      "0": {
        "start": {
          "line": 5,
          "column": 27
        },
        "end": {
          "line": 7,
          "column": 2
        }
      },
      "1": {
        "start": {
          "line": 10,
          "column": 26
        },
        "end": {
          "line": 10,
          "column": 68
        }
      },
      "2": {
        "start": {
          "line": 12,
          "column": 2
        },
        "end": {
          "line": 29,
          "column": 8
        }
      },
      "3": {
        "start": {
          "line": 13,
          "column": 4
        },
        "end": {
          "line": 16,
          "column": 5
        }
      },
      "4": {
        "start": {
          "line": 15,
          "column": 7
        },
        "end": {
          "line": 15,
          "column": 40
        }
      },
      "5": {
        "start": {
          "line": 17,
          "column": 4
        },
        "end": {
          "line": 28,
          "column": 6
        }
      },
      "6": {
        "start": {
          "line": 18,
          "column": 6
        },
        "end": {
          "line": 23,
          "column": 7
        }
      },
      "7": {
        "start": {
          "line": 19,
          "column": 8
        },
        "end": {
          "line": 19,
          "column": 21
        }
      },
      "8": {
        "start": {
          "line": 20,
          "column": 8
        },
        "end": {
          "line": 20,
          "column": 38
        }
      },
      "9": {
        "start": {
          "line": 21,
          "column": 8
        },
        "end": {
          "line": 21,
          "column": 53
        }
      },
      "10": {
        "start": {
          "line": 22,
          "column": 8
        },
        "end": {
          "line": 22,
          "column": 14
        }
      },
      "11": {
        "start": {
          "line": 24,
          "column": 20
        },
        "end": {
          "line": 24,
          "column": 43
        }
      },
      "12": {
        "start": {
          "line": 25,
          "column": 6
        },
        "end": {
          "line": 25,
          "column": 19
        }
      },
      "13": {
        "start": {
          "line": 26,
          "column": 6
        },
        "end": {
          "line": 26,
          "column": 36
        }
      },
      "14": {
        "start": {
          "line": 27,
          "column": 6
        },
        "end": {
          "line": 27,
          "column": 54
        }
      },
      "15": {
        "start": {
          "line": 32,
          "column": 2
        },
        "end": {
          "line": 38,
          "column": 8
        }
      },
      "16": {
        "start": {
          "line": 33,
          "column": 19
        },
        "end": {
          "line": 36,
          "column": 22
        }
      },
      "17": {
        "start": {
          "line": 34,
          "column": 19
        },
        "end": {
          "line": 34,
          "column": 52
        }
      },
      "18": {
        "start": {
          "line": 35,
          "column": 6
        },
        "end": {
          "line": 35,
          "column": 43
        }
      },
      "19": {
        "start": {
          "line": 35,
          "column": 16
        },
        "end": {
          "line": 35,
          "column": 43
        }
      },
      "20": {
        "start": {
          "line": 37,
          "column": 4
        },
        "end": {
          "line": 37,
          "column": 38
        }
      },
      "21": {
        "start": {
          "line": 37,
          "column": 17
        },
        "end": {
          "line": 37,
          "column": 38
        }
      },
      "22": {
        "start": {
          "line": 40,
          "column": 2
        },
        "end": {
          "line": 40,
          "column": 81
        }
      },
      "23": {
        "start": {
          "line": 44,
          "column": 23
        },
        "end": {
          "line": 46,
          "column": 1
        }
      },
      "24": {
        "start": {
          "line": 45,
          "column": 2
        },
        "end": {
          "line": 45,
          "column": 32
        }
      }
    },
    "fnMap": {
      "0": {
        "name": "ProvideAuth",
        "decl": {
          "start": {
            "line": 9,
            "column": 16
          },
          "end": {
            "line": 9,
            "column": 27
          }
        },
        "loc": {
          "start": {
            "line": 9,
            "column": 86
          },
          "end": {
            "line": 41,
            "column": 1
          }
        },
        "line": 9
      },
      "1": {
        "name": "(anonymous_1)",
        "decl": {
          "start": {
            "line": 12,
            "column": 12
          },
          "end": {
            "line": 12,
            "column": 13
          }
        },
        "loc": {
          "start": {
            "line": 12,
            "column": 18
          },
          "end": {
            "line": 29,
            "column": 3
          }
        },
        "line": 12
      },
      "2": {
        "name": "(anonymous_2)",
        "decl": {
          "start": {
            "line": 17,
            "column": 50
          },
          "end": {
            "line": 17,
            "column": 51
          }
        },
        "loc": {
          "start": {
            "line": 17,
            "column": 66
          },
          "end": {
            "line": 28,
            "column": 5
          }
        },
        "line": 17
      },
      "3": {
        "name": "(anonymous_3)",
        "decl": {
          "start": {
            "line": 32,
            "column": 12
          },
          "end": {
            "line": 32,
            "column": 13
          }
        },
        "loc": {
          "start": {
            "line": 32,
            "column": 18
          },
          "end": {
            "line": 38,
            "column": 3
          }
        },
        "line": 32
      },
      "4": {
        "name": "(anonymous_4)",
        "decl": {
          "start": {
            "line": 33,
            "column": 31
          },
          "end": {
            "line": 33,
            "column": 32
          }
        },
        "loc": {
          "start": {
            "line": 33,
            "column": 43
          },
          "end": {
            "line": 36,
            "column": 5
          }
        },
        "line": 33
      },
      "5": {
        "name": "(anonymous_5)",
        "decl": {
          "start": {
            "line": 37,
            "column": 11
          },
          "end": {
            "line": 37,
            "column": 12
          }
        },
        "loc": {
          "start": {
            "line": 37,
            "column": 17
          },
          "end": {
            "line": 37,
            "column": 38
          }
        },
        "line": 37
      },
      "6": {
        "name": "(anonymous_6)",
        "decl": {
          "start": {
            "line": 44,
            "column": 23
          },
          "end": {
            "line": 44,
            "column": 24
          }
        },
        "loc": {
          "start": {
            "line": 44,
            "column": 29
          },
          "end": {
            "line": 46,
            "column": 1
          }
        },
        "line": 44
      }
    },
    "branchMap": {
      "0": {
        "loc": {
          "start": {
            "line": 13,
            "column": 4
          },
          "end": {
            "line": 16,
            "column": 5
          }
        },
        "type": "if",
        "locations": [
          {
            "start": {
              "line": 13,
              "column": 4
            },
            "end": {
              "line": 16,
              "column": 5
            }
          },
          {
            "start": {
              "line": 13,
              "column": 4
            },
            "end": {
              "line": 16,
              "column": 5
            }
          }
        ],
        "line": 13
      },
      "1": {
        "loc": {
          "start": {
            "line": 18,
            "column": 6
          },
          "end": {
            "line": 23,
            "column": 7
          }
        },
        "type": "if",
        "locations": [
          {
            "start": {
              "line": 18,
              "column": 6
            },
            "end": {
              "line": 23,
              "column": 7
            }
          },
          {
            "start": {
              "line": 18,
              "column": 6
            },
            "end": {
              "line": 23,
              "column": 7
            }
          }
        ],
        "line": 18
      },
      "2": {
        "loc": {
          "start": {
            "line": 35,
            "column": 6
          },
          "end": {
            "line": 35,
            "column": 43
          }
        },
        "type": "if",
        "locations": [
          {
            "start": {
              "line": 35,
              "column": 6
            },
            "end": {
              "line": 35,
              "column": 43
            }
          },
          {
            "start": {
              "line": 35,
              "column": 6
            },
            "end": {
              "line": 35,
              "column": 43
            }
          }
        ],
        "line": 35
      }
    },
    "s": {
      "0": 2,
      "1": 2,
      "2": 2,
      "3": 2,
      "4": 2,
      "5": 2,
      "6": 2,
      "7": 2,
      "8": 2,
      "9": 2,
      "10": 2,
      "11": 0,
      "12": 0,
      "13": 0,
      "14": 0,
      "15": 2,
      "16": 2,
      "17": 0,
      "18": 0,
      "19": 0,
      "20": 2,
      "21": 0,
      "22": 2,
      "23": 2,
      "24": 8
    },
    "f": {
      "0": 2,
      "1": 2,
      "2": 2,
      "3": 2,
      "4": 0,
      "5": 0,
      "6": 8
    },
    "b": {
      "0": [
        2,
        0
      ],
      "1": [
        2,
        0
      ],
      "2": [
        0,
        0
      ]
    },
    "_coverageSchema": "1a1c01bbd47fc00a2c39e90264f33305004495a9",
    "hash": "ebffa85833dc4b4f7ce907deac4961a6250be0dc"
  },
  "C:\\Users\\Adam\\Desktop\\mugatu\\pages\\_app.tsx": {
    "path": "C:\\Users\\Adam\\Desktop\\mugatu\\pages\\_app.tsx",
    "statementMap": {
      "0": {
        "start": {
          "line": 11,
          "column": 35
        },
        "end": {
          "line": 11,
          "column": 40
        }
      },
      "1": {
        "start": {
          "line": 13,
          "column": 2
        },
        "end": {
          "line": 26,
          "column": 3
        }
      }
    },
    "fnMap": {
      "0": {
        "name": "MyApp",
        "decl": {
          "start": {
            "line": 10,
            "column": 9
          },
          "end": {
            "line": 10,
            "column": 14
          }
        },
        "loc": {
          "start": {
            "line": 10,
            "column": 45
          },
          "end": {
            "line": 27,
            "column": 1
          }
        },
        "line": 10
      }
    },
    "branchMap": {},
    "s": {
      "0": 2,
      "1": 2
    },
    "f": {
      "0": 2
    },
    "b": {},
    "_coverageSchema": "1a1c01bbd47fc00a2c39e90264f33305004495a9",
    "hash": "66c1214ddbb7b85411e845903b7f35940b316122"
  },
  "C:\\Users\\Adam\\Desktop\\mugatu\\utils\\bag\\calculateSubTotal.ts": {
    "path": "C:\\Users\\Adam\\Desktop\\mugatu\\utils\\bag\\calculateSubTotal.ts",
    "statementMap": {
      "0": {
        "start": {
          "line": 8,
          "column": 26
        },
        "end": {
          "line": 13,
          "column": 1
        }
      },
      "1": {
        "start": {
          "line": 9,
          "column": 16
        },
        "end": {
          "line": 11,
          "column": 7
        }
      },
      "2": {
        "start": {
          "line": 10,
          "column": 4
        },
        "end": {
          "line": 10,
          "column": 41
        }
      },
      "3": {
        "start": {
          "line": 12,
          "column": 2
        },
        "end": {
          "line": 12,
          "column": 37
        }
      }
    },
    "fnMap": {
      "0": {
        "name": "(anonymous_0)",
        "decl": {
          "start": {
            "line": 8,
            "column": 26
          },
          "end": {
            "line": 8,
            "column": 27
          }
        },
        "loc": {
          "start": {
            "line": 8,
            "column": 54
          },
          "end": {
            "line": 13,
            "column": 1
          }
        },
        "line": 8
      },
      "1": {
        "name": "(anonymous_1)",
        "decl": {
          "start": {
            "line": 9,
            "column": 27
          },
          "end": {
            "line": 9,
            "column": 28
          }
        },
        "loc": {
          "start": {
            "line": 9,
            "column": 41
          },
          "end": {
            "line": 11,
            "column": 3
          }
        },
        "line": 9
      }
    },
    "branchMap": {},
    "s": {
      "0": 2,
      "1": 0,
      "2": 0,
      "3": 0
    },
    "f": {
      "0": 0,
      "1": 0
    },
    "b": {},
    "_coverageSchema": "1a1c01bbd47fc00a2c39e90264f33305004495a9",
    "hash": "6802762903e127e37de5dafa436fbcc4d1bfd3c5"
  },
  "C:\\Users\\Adam\\Desktop\\mugatu\\utils\\bag\\calculateNumOfItems.ts": {
    "path": "C:\\Users\\Adam\\Desktop\\mugatu\\utils\\bag\\calculateNumOfItems.ts",
    "statementMap": {
      "0": {
        "start": {
          "line": 8,
          "column": 28
        },
        "end": {
          "line": 12,
          "column": 1
        }
      },
      "1": {
        "start": {
          "line": 9,
          "column": 2
        },
        "end": {
          "line": 11,
          "column": 7
        }
      },
      "2": {
        "start": {
          "line": 10,
          "column": 4
        },
        "end": {
          "line": 10,
          "column": 29
        }
      }
    },
    "fnMap": {
      "0": {
        "name": "(anonymous_0)",
        "decl": {
          "start": {
            "line": 8,
            "column": 28
          },
          "end": {
            "line": 8,
            "column": 29
          }
        },
        "loc": {
          "start": {
            "line": 8,
            "column": 56
          },
          "end": {
            "line": 12,
            "column": 1
          }
        },
        "line": 8
      },
      "1": {
        "name": "(anonymous_1)",
        "decl": {
          "start": {
            "line": 9,
            "column": 20
          },
          "end": {
            "line": 9,
            "column": 21
          }
        },
        "loc": {
          "start": {
            "line": 9,
            "column": 34
          },
          "end": {
            "line": 11,
            "column": 3
          }
        },
        "line": 9
      }
    },
    "branchMap": {},
    "s": {
      "0": 2,
      "1": 0,
      "2": 0
    },
    "f": {
      "0": 0,
      "1": 0
    },
    "b": {},
    "_coverageSchema": "1a1c01bbd47fc00a2c39e90264f33305004495a9",
    "hash": "6e503caf6b7f797de907f4c481c924eac839c73c"
  },
  "C:\\Users\\Adam\\Desktop\\mugatu\\utils\\bag\\getQuantityOptions.ts": {
    "path": "C:\\Users\\Adam\\Desktop\\mugatu\\utils\\bag\\getQuantityOptions.ts",
    "statementMap": {
      "0": {
        "start": {
          "line": 8,
          "column": 27
        },
        "end": {
          "line": 16,
          "column": 1
        }
      },
      "1": {
        "start": {
          "line": 9,
          "column": 18
        },
        "end": {
          "line": 9,
          "column": 20
        }
      },
      "2": {
        "start": {
          "line": 10,
          "column": 15
        },
        "end": {
          "line": 10,
          "column": 69
        }
      },
      "3": {
        "start": {
          "line": 10,
          "column": 39
        },
        "end": {
          "line": 10,
          "column": 68
        }
      },
      "4": {
        "start": {
          "line": 11,
          "column": 2
        },
        "end": {
          "line": 14,
          "column": 3
        }
      },
      "5": {
        "start": {
          "line": 11,
          "column": 15
        },
        "end": {
          "line": 11,
          "column": 16
        }
      },
      "6": {
        "start": {
          "line": 12,
          "column": 4
        },
        "end": {
          "line": 12,
          "column": 21
        }
      },
      "7": {
        "start": {
          "line": 12,
          "column": 16
        },
        "end": {
          "line": 12,
          "column": 21
        }
      },
      "8": {
        "start": {
          "line": 13,
          "column": 4
        },
        "end": {
          "line": 13,
          "column": 19
        }
      },
      "9": {
        "start": {
          "line": 15,
          "column": 2
        },
        "end": {
          "line": 15,
          "column": 16
        }
      }
    },
    "fnMap": {
      "0": {
        "name": "(anonymous_0)",
        "decl": {
          "start": {
            "line": 8,
            "column": 27
          },
          "end": {
            "line": 8,
            "column": 28
          }
        },
        "loc": {
          "start": {
            "line": 8,
            "column": 56
          },
          "end": {
            "line": 16,
            "column": 1
          }
        },
        "line": 8
      },
      "1": {
        "name": "(anonymous_1)",
        "decl": {
          "start": {
            "line": 10,
            "column": 31
          },
          "end": {
            "line": 10,
            "column": 32
          }
        },
        "loc": {
          "start": {
            "line": 10,
            "column": 39
          },
          "end": {
            "line": 10,
            "column": 68
          }
        },
        "line": 10
      }
    },
    "branchMap": {
      "0": {
        "loc": {
          "start": {
            "line": 12,
            "column": 4
          },
          "end": {
            "line": 12,
            "column": 21
          }
        },
        "type": "if",
        "locations": [
          {
            "start": {
              "line": 12,
              "column": 4
            },
            "end": {
              "line": 12,
              "column": 21
            }
          },
          {
            "start": {
              "line": 12,
              "column": 4
            },
            "end": {
              "line": 12,
              "column": 21
            }
          }
        ],
        "line": 12
      }
    },
    "s": {
      "0": 2,
      "1": 0,
      "2": 0,
      "3": 0,
      "4": 0,
      "5": 0,
      "6": 0,
      "7": 0,
      "8": 0,
      "9": 0
    },
    "f": {
      "0": 0,
      "1": 0
    },
    "b": {
      "0": [
        0,
        0
      ]
    },
    "_coverageSchema": "1a1c01bbd47fc00a2c39e90264f33305004495a9",
    "hash": "87d57ba9b4b901a70d35e36bda1d982bf17ff67d"
  },
  "C:\\Users\\Adam\\Desktop\\mugatu\\utils\\bag\\index.ts": {
    "path": "C:\\Users\\Adam\\Desktop\\mugatu\\utils\\bag\\index.ts",
    "statementMap": {},
    "fnMap": {},
    "branchMap": {},
    "s": {},
    "f": {},
    "b": {},
    "_coverageSchema": "1a1c01bbd47fc00a2c39e90264f33305004495a9",
    "hash": "e6c80091c6f66fd95d03a324eb8ad76aa921159c"
  },
  "C:\\Users\\Adam\\Desktop\\mugatu\\components\\bag\\bagPopOver.tsx": {
    "path": "C:\\Users\\Adam\\Desktop\\mugatu\\components\\bag\\bagPopOver.tsx",
    "statementMap": {
      "0": {
        "start": {
          "line": 19,
          "column": 19
        },
        "end": {
          "line": 100,
          "column": 1
        }
      },
      "1": {
        "start": {
          "line": 20,
          "column": 24
        },
        "end": {
          "line": 20,
          "column": 38
        }
      },
      "2": {
        "start": {
          "line": 21,
          "column": 33
        },
        "end": {
          "line": 21,
          "column": 41
        }
      },
      "3": {
        "start": {
          "line": 23,
          "column": 2
        },
        "end": {
          "line": 25,
          "column": 3
        }
      },
      "4": {
        "start": {
          "line": 24,
          "column": 4
        },
        "end": {
          "line": 24,
          "column": 15
        }
      },
      "5": {
        "start": {
          "line": 27,
          "column": 2
        },
        "end": {
          "line": 99,
          "column": 3
        }
      },
      "6": {
        "start": {
          "line": 43,
          "column": 14
        },
        "end": {
          "line": 79,
          "column": 15
        }
      },
      "7": {
        "start": {
          "line": 71,
          "column": 26
        },
        "end": {
          "line": 71,
          "column": 45
        }
      }
    },
    "fnMap": {
      "0": {
        "name": "(anonymous_0)",
        "decl": {
          "start": {
            "line": 19,
            "column": 19
          },
          "end": {
            "line": 19,
            "column": 20
          }
        },
        "loc": {
          "start": {
            "line": 19,
            "column": 38
          },
          "end": {
            "line": 100,
            "column": 1
          }
        },
        "line": 19
      },
      "1": {
        "name": "(anonymous_1)",
        "decl": {
          "start": {
            "line": 42,
            "column": 21
          },
          "end": {
            "line": 42,
            "column": 22
          }
        },
        "loc": {
          "start": {
            "line": 42,
            "column": 40
          },
          "end": {
            "line": 80,
            "column": 13
          }
        },
        "line": 42
      },
      "2": {
        "name": "(anonymous_2)",
        "decl": {
          "start": {
            "line": 70,
            "column": 33
          },
          "end": {
            "line": 70,
            "column": 34
          }
        },
        "loc": {
          "start": {
            "line": 70,
            "column": 39
          },
          "end": {
            "line": 72,
            "column": 25
          }
        },
        "line": 70
      }
    },
    "branchMap": {
      "0": {
        "loc": {
          "start": {
            "line": 23,
            "column": 2
          },
          "end": {
            "line": 25,
            "column": 3
          }
        },
        "type": "if",
        "locations": [
          {
            "start": {
              "line": 23,
              "column": 2
            },
            "end": {
              "line": 25,
              "column": 3
            }
          },
          {
            "start": {
              "line": 23,
              "column": 2
            },
            "end": {
              "line": 25,
              "column": 3
            }
          }
        ],
        "line": 23
      },
      "1": {
        "loc": {
          "start": {
            "line": 23,
            "column": 6
          },
          "end": {
            "line": 23,
            "column": 30
          }
        },
        "type": "binary-expr",
        "locations": [
          {
            "start": {
              "line": 23,
              "column": 6
            },
            "end": {
              "line": 23,
              "column": 10
            }
          },
          {
            "start": {
              "line": 23,
              "column": 14
            },
            "end": {
              "line": 23,
              "column": 30
            }
          }
        ],
        "line": 23
      },
      "2": {
        "loc": {
          "start": {
            "line": 30,
            "column": 10
          },
          "end": {
            "line": 30,
            "column": 59
          }
        },
        "type": "cond-expr",
        "locations": [
          {
            "start": {
              "line": 30,
              "column": 34
            },
            "end": {
              "line": 30,
              "column": 45
            }
          },
          {
            "start": {
              "line": 30,
              "column": 48
            },
            "end": {
              "line": 30,
              "column": 59
            }
          }
        ],
        "line": 30
      },
      "3": {
        "loc": {
          "start": {
            "line": 39,
            "column": 12
          },
          "end": {
            "line": 39,
            "column": 51
          }
        },
        "type": "cond-expr",
        "locations": [
          {
            "start": {
              "line": 39,
              "column": 43
            },
            "end": {
              "line": 39,
              "column": 46
            }
          },
          {
            "start": {
              "line": 39,
              "column": 49
            },
            "end": {
              "line": 39,
              "column": 51
            }
          }
        ],
        "line": 39
      },
      "4": {
        "loc": {
          "start": {
            "line": 74,
            "column": 53
          },
          "end": {
            "line": 74,
            "column": 92
          }
        },
        "type": "cond-expr",
        "locations": [
          {
            "start": {
              "line": 74,
              "column": 77
            },
            "end": {
              "line": 74,
              "column": 83
            }
          },
          {
            "start": {
              "line": 74,
              "column": 86
            },
            "end": {
              "line": 74,
              "column": 92
            }
          }
        ],
        "line": 74
      },
      "5": {
        "loc": {
          "start": {
            "line": 90,
            "column": 30
          },
          "end": {
            "line": 90,
            "column": 89
          }
        },
        "type": "cond-expr",
        "locations": [
          {
            "start": {
              "line": 90,
              "column": 54
            },
            "end": {
              "line": 90,
              "column": 70
            }
          },
          {
            "start": {
              "line": 90,
              "column": 73
            },
            "end": {
              "line": 90,
              "column": 89
            }
          }
        ],
        "line": 90
      }
    },
    "s": {
      "0": 2,
      "1": 4,
      "2": 4,
      "3": 4,
      "4": 4,
      "5": 0,
      "6": 0,
      "7": 0
    },
    "f": {
      "0": 4,
      "1": 0,
      "2": 0
    },
    "b": {
      "0": [
        4,
        0
      ],
      "1": [
        4,
        4
      ],
      "2": [
        0,
        0
      ],
      "3": [
        0,
        0
      ],
      "4": [
        0,
        0
      ],
      "5": [
        0,
        0
      ]
    },
    "_coverageSchema": "1a1c01bbd47fc00a2c39e90264f33305004495a9",
    "hash": "761ea023f71011e893529a61a60b355a707c6ded"
  },
  "C:\\Users\\Adam\\Desktop\\mugatu\\graphql\\client.ts": {
    "path": "C:\\Users\\Adam\\Desktop\\mugatu\\graphql\\client.ts",
    "statementMap": {
      "0": {
        "start": {
          "line": 3,
          "column": 14
        },
        "end": {
          "line": 3,
          "column": 45
        }
      },
      "1": {
        "start": {
          "line": 4,
          "column": 20
        },
        "end": {
          "line": 4,
          "column": 55
        }
      },
      "2": {
        "start": {
          "line": 5,
          "column": 17
        },
        "end": {
          "line": 5,
          "column": 76
        }
      },
      "3": {
        "start": {
          "line": 7,
          "column": 29
        },
        "end": {
          "line": 11,
          "column": 2
        }
      }
    },
    "fnMap": {},
    "branchMap": {},
    "s": {
      "0": 2,
      "1": 2,
      "2": 2,
      "3": 2
    },
    "f": {},
    "b": {},
    "_coverageSchema": "1a1c01bbd47fc00a2c39e90264f33305004495a9",
    "hash": "0b3714f384fe9371b3a73db86614902365349c05"
  },
  "C:\\Users\\Adam\\Desktop\\mugatu\\utils\\getAllProductsIds.ts": {
    "path": "C:\\Users\\Adam\\Desktop\\mugatu\\utils\\getAllProductsIds.ts",
    "statementMap": {
      "0": {
        "start": {
          "line": 13,
          "column": 19
        },
        "end": {
          "line": 13,
          "column": 73
        }
      },
      "1": {
        "start": {
          "line": 14,
          "column": 2
        },
        "end": {
          "line": 20,
          "column": 4
        }
      },
      "2": {
        "start": {
          "line": 15,
          "column": 4
        },
        "end": {
          "line": 19,
          "column": 5
        }
      }
    },
    "fnMap": {
      "0": {
        "name": "getAllProductsIds",
        "decl": {
          "start": {
            "line": 9,
            "column": 30
          },
          "end": {
            "line": 9,
            "column": 47
          }
        },
        "loc": {
          "start": {
            "line": 12,
            "column": 39
          },
          "end": {
            "line": 21,
            "column": 1
          }
        },
        "line": 12
      },
      "1": {
        "name": "(anonymous_1)",
        "decl": {
          "start": {
            "line": 14,
            "column": 46
          },
          "end": {
            "line": 14,
            "column": 47
          }
        },
        "loc": {
          "start": {
            "line": 14,
            "column": 77
          },
          "end": {
            "line": 20,
            "column": 3
          }
        },
        "line": 14
      }
    },
    "branchMap": {},
    "s": {
      "0": 0,
      "1": 0,
      "2": 0
    },
    "f": {
      "0": 0,
      "1": 0
    },
    "b": {},
    "_coverageSchema": "1a1c01bbd47fc00a2c39e90264f33305004495a9",
    "hash": "85610a3acf5f92d394835d7ec81a3312278d4261"
  },
  "C:\\Users\\Adam\\Desktop\\mugatu\\utils\\sortProducts.ts": {
    "path": "C:\\Users\\Adam\\Desktop\\mugatu\\utils\\sortProducts.ts",
    "statementMap": {
      "0": {
        "start": {
          "line": 3,
          "column": 21
        },
        "end": {
          "line": 19,
          "column": 1
        }
      },
      "1": {
        "start": {
          "line": 4,
          "column": 25
        },
        "end": {
          "line": 4,
          "column": 38
        }
      },
      "2": {
        "start": {
          "line": 5,
          "column": 2
        },
        "end": {
          "line": 18,
          "column": 3
        }
      },
      "3": {
        "start": {
          "line": 6,
          "column": 4
        },
        "end": {
          "line": 6,
          "column": 92
        }
      },
      "4": {
        "start": {
          "line": 6,
          "column": 42
        },
        "end": {
          "line": 6,
          "column": 90
        }
      },
      "5": {
        "start": {
          "line": 7,
[...]
        }
      },
      "2": {
        "start": {
          "line": 20,
          "column": 38
        },
        "end": {
          "line": 20,
          "column": 53
        }
      },
      "3": {
        "start": {
          "line": 21,
          "column": 24
        },
        "end": {
          "line": 21,
          "column": 38
        }
      },
      "4": {
        "start": {
          "line": 23,
          "column": 28
        },
        "end": {
          "line": 23,
          "column": 63
        }
      },
      "5": {
        "start": {
          "line": 26,
          "column": 22
        },
        "end": {
          "line": 32,
          "column": 3
        }
      },
      "6": {
        "start": {
          "line": 27,
          "column": 27
        },
        "end": {
          "line": 27,
          "column": 82
        }
      },
      "7": {
        "start": {
          "line": 28,
          "column": 4
        },
        "end": {
          "line": 28,
          "column": 34
        }
      },
      "8": {
        "start": {
          "line": 29,
          "column": 4
        },
        "end": {
          "line": 31,
          "column": 5
        }
      },
      "9": {
        "start": {
          "line": 30,
          "column": 6
        },
        "end": {
          "line": 30,
          "column": 35
        }
      },
      "10": {
        "start": {
          "line": 35,
          "column": 21
        },
        "end": {
          "line": 41,
          "column": 3
        }
      },
      "11": {
        "start": {
          "line": 36,
          "column": 4
        },
        "end": {
          "line": 40,
          "column": 5
        }
      },
      "12": {
        "start": {
          "line": 37,
          "column": 6
        },
        "end": {
          "line": 37,
          "column": 32
        }
      },
      "13": {
        "start": {
          "line": 39,
          "column": 6
        },
        "end": {
          "line": 39,
          "column": 14
        }
      },
      "14": {
        "start": {
          "line": 43,
          "column": 2
        },
        "end": {
          "line": 78,
          "column": 3
        }
      },
      "15": {
        "start": {
          "line": 55,
          "column": 23
        },
        "end": {
          "line": 55,
          "column": 35
        }
      }
    },
    "fnMap": {
      "0": {
        "name": "SearchPageFilter",
        "decl": {
          "start": {
            "line": 14,
            "column": 24
          },
          "end": {
            "line": 14,
            "column": 40
          }
        },
        "loc": {
          "start": {
            "line": 14,
            "column": 86
          },
          "end": {
            "line": 79,
            "column": 1
          }
        },
        "line": 14
      },
      "1": {
        "name": "(anonymous_1)",
        "decl": {
          "start": {
            "line": 26,
            "column": 22
          },
          "end": {
            "line": 26,
            "column": 23
          }
        },
        "loc": {
          "start": {
            "line": 26,
            "column": 88
          },
          "end": {
            "line": 32,
            "column": 3
          }
        },
        "line": 26
      },
      "2": {
        "name": "(anonymous_2)",
        "decl": {
          "start": {
            "line": 35,
            "column": 21
          },
          "end": {
            "line": 35,
            "column": 22
          }
        },
        "loc": {
          "start": {
            "line": 35,
            "column": 27
          },
          "end": {
            "line": 41,
            "column": 3
          }
        },
        "line": 35
      },
      "3": {
        "name": "(anonymous_3)",
        "decl": {
          "start": {
            "line": 55,
            "column": 17
          },
          "end": {
            "line": 55,
            "column": 18
          }
        },
        "loc": {
          "start": {
            "line": 55,
            "column": 23
          },
          "end": {
            "line": 55,
            "column": 35
          }
        },
        "line": 55
      }
    },
    "branchMap": {
      "0": {
        "loc": {
          "start": {
            "line": 26,
            "column": 66
          },
          "end": {
            "line": 26,
            "column": 83
          }
        },
        "type": "default-arg",
        "locations": [
          {
            "start": {
              "line": 26,
              "column": 75
            },
            "end": {
              "line": 26,
              "column": 83
            }
          }
        ],
        "line": 26
      },
      "1": {
        "loc": {
          "start": {
            "line": 29,
            "column": 4
          },
          "end": {
            "line": 31,
            "column": 5
          }
        },
        "type": "if",
        "locations": [
          {
            "start": {
              "line": 29,
              "column": 4
            },
            "end": {
              "line": 31,
              "column": 5
            }
          },
          {
            "start": {
              "line": 29,
              "column": 4
            },
            "end": {
              "line": 31,
              "column": 5
            }
          }
        ],
        "line": 29
      },
      "2": {
        "loc": {
          "start": {
            "line": 36,
            "column": 4
          },
          "end": {
            "line": 40,
            "column": 5
          }
        },
        "type": "if",
        "locations": [
          {
            "start": {
              "line": 36,
              "column": 4
            },
            "end": {
              "line": 40,
              "column": 5
            }
          },
          {
            "start": {
              "line": 36,
              "column": 4
            },
            "end": {
              "line": 40,
              "column": 5
            }
          }
        ],
        "line": 36
      },
      "3": {
        "loc": {
          "start": {
            "line": 51,
            "column": 21
          },
          "end": {
            "line": 51,
            "column": 70
          }
        },
        "type": "cond-expr",
        "locations": [
          {
            "start": {
              "line": 51,
              "column": 45
            },
            "end": {
              "line": 51,
              "column": 56
            }
          },
          {
            "start": {
              "line": 51,
              "column": 59
            },
            "end": {
              "line": 51,
              "column": 70
            }
          }
        ],
        "line": 51
      },
      "4": {
        "loc": {
          "start": {
            "line": 53,
            "column": 14
          },
          "end": {
            "line": 53,
            "column": 73
          }
        },
        "type": "cond-expr",
        "locations": [
          {
            "start": {
              "line": 53,
              "column": 38
            },
            "end": {
              "line": 53,
              "column": 54
            }
          },
          {
            "start": {
              "line": 53,
              "column": 57
            },
            "end": {
              "line": 53,
              "column": 73
            }
          }
        ],
        "line": 53
      },
      "5": {
        "loc": {
          "start": {
            "line": 57,
            "column": 9
          },
          "end": {
            "line": 58,
            "column": 13
          }
        },
        "type": "binary-expr",
        "locations": [
          {
            "start": {
              "line": 57,
              "column": 9
            },
            "end": {
              "line": 57,
              "column": 94
            }
          },
          {
            "start": {
              "line": 58,
              "column": 10
            },
            "end": {
              "line": 58,
              "column": 13
            }
          }
        ],
        "line": 57
      },
      "6": {
        "loc": {
          "start": {
            "line": 70,
            "column": 7
          },
          "end": {
            "line": 76,
            "column": 7
          }
        },
        "type": "binary-expr",
        "locations": [
          {
            "start": {
              "line": 70,
              "column": 7
            },
            "end": {
              "line": 70,
              "column": 17
            }
          },
          {
            "start": {
              "line": 71,
              "column": 8
            },
            "end": {
              "line": 75,
              "column": 10
            }
          }
        ],
        "line": 70
      }
    },
    "s": {
      "0": 0,
      "1": 0,
      "2": 0,
      "3": 0,
      "4": 0,
      "5": 0,
      "6": 0,
      "7": 0,
      "8": 0,
      "9": 0,
      "10": 0,
      "11": 0,
      "12": 0,
      "13": 0,
      "14": 0,
      "15": 0
    },
    "f": {
      "0": 0,
      "1": 0,
      "2": 0,
      "3": 0
    },
    "b": {
      "0": [
        0
      ],
      "1": [
        0,
        0
      ],
      "2": [
        0,
        0
      ],
      "3": [
        0,
        0
      ],
      "4": [
        0,
        0
      ],
      "5": [
        0,
        0
      ],
      "6": [
        0,
        0
      ]
    },
    "_coverageSchema": "1a1c01bbd47fc00a2c39e90264f33305004495a9",
    "hash": "7e220cb1473ab2100394153c3ed9419ce54c2763"
  },
  "C:\\Users\\Adam\\Desktop\\mugatu\\components\\layouts\\searchPage.tsx": {
    "path": "C:\\Users\\Adam\\Desktop\\mugatu\\components\\layouts\\searchPage.tsx",
    "statementMap": {
      "0": {
        "start": {
          "line": 15,
          "column": 25
        },
        "end": {
          "line": 67,
          "column": 1
        }
      },
      "1": {
        "start": {
          "line": 16,
          "column": 38
        },
        "end": {
          "line": 16,
          "column": 60
        }
      },
      "2": {
        "start": {
          "line": 17,
          "column": 36
        },
        "end": {
          "line": 17,
          "column": 58
        }
      },
      "3": {
        "start": {
          "line": 18,
          "column": 50
        },
        "end": {
          "line": 18,
          "column": 73
        }
      },
      "4": {
        "start": {
          "line": 20,
          "column": 2
        },
        "end": {
          "line": 23,
          "column": 28
        }
      },
      "5": {
        "start": {
          "line": 21,
          "column": 19
        },
        "end": {
          "line": 21,
          "column": 60
        }
      },
      "6": {
        "start": {
          "line": 22,
          "column": 4
        },
        "end": {
          "line": 22,
          "column": 31
        }
      },
      "7": {
        "start": {
          "line": 25,
          "column": 2
        },
        "end": {
          "line": 66,
          "column": 3
        }
      }
    },
    "fnMap": {
      "0": {
        "name": "(anonymous_0)",
        "decl": {
          "start": {
            "line": 15,
            "column": 25
          },
          "end": {
            "line": 15,
            "column": 26
          }
        },
        "loc": {
          "start": {
            "line": 15,
            "column": 76
          },
          "end": {
            "line": 67,
            "column": 1
          }
        },
        "line": 15
      },
      "1": {
        "name": "(anonymous_1)",
        "decl": {
          "start": {
            "line": 20,
            "column": 12
          },
          "end": {
            "line": 20,
            "column": 13
          }
        },
        "loc": {
          "start": {
            "line": 20,
            "column": 18
          },
          "end": {
            "line": 23,
            "column": 3
          }
        },
        "line": 20
      }
    },
    "branchMap": {
      "0": {
        "loc": {
          "start": {
            "line": 34,
            "column": 7
          },
          "end": {
            "line": 64,
            "column": 7
          }
        },
        "type": "cond-expr",
        "locations": [
          {
            "start": {
              "line": 35,
              "column": 8
            },
            "end": {
              "line": 50,
              "column": 11
            }
          },
          {
            "start": {
              "line": 52,
              "column": 8
            },
            "end": {
              "line": 63,
              "column": 15
            }
          }
        ],
        "line": 34
      },
      "1": {
        "loc": {
          "start": {
            "line": 34,
            "column": 7
          },
          "end": {
            "line": 34,
            "column": 32
          }
        },
        "type": "binary-expr",
        "locations": [
          {
            "start": {
              "line": 34,
              "column": 7
            },
            "end": {
              "line": 34,
              "column": 23
            }
          },
          {
            "start": {
              "line": 34,
              "column": 27
            },
            "end": {
              "line": 34,
              "column": 32
            }
          }
        ],
        "line": 34
      },
      "2": {
        "loc": {
          "start": {
            "line": 42,
            "column": 14
          },
          "end": {
            "line": 42,
            "column": 54
          }
        },
        "type": "cond-expr",
        "locations": [
          {
            "start": {
              "line": 42,
              "column": 46
            },
            "end": {
              "line": 42,
              "column": 49
            }
          },
          {
            "start": {
              "line": 42,
              "column": 52
            },
            "end": {
              "line": 42,
              "column": 54
            }
          }
        ],
        "line": 42
      }
    },
    "s": {
      "0": 2,
      "1": 0,
      "2": 0,
      "3": 0,
      "4": 0,
      "5": 0,
      "6": 0,
      "7": 0
    },
    "f": {
      "0": 0,
      "1": 0
    },
    "b": {
      "0": [
        0,
        0
      ],
      "1": [
        0,
        0
      ],
      "2": [
        0,
        0
      ]
    },
    "_coverageSchema": "1a1c01bbd47fc00a2c39e90264f33305004495a9",
    "hash": "072e6380a0d20fd5e1552e9445bd7e4756c7a908"
  },
  "C:\\Users\\Adam\\Desktop\\mugatu\\components\\layouts\\meta.tsx": {
    "path": "C:\\Users\\Adam\\Desktop\\mugatu\\components\\layouts\\meta.tsx",
    "statementMap": {
      "0": {
        "start": {
          "line": 9,
          "column": 13
        },
        "end": {
          "line": 23,
          "column": 1
        }
      },
      "1": {
        "start": {
          "line": 14,
          "column": 2
        },
        "end": {
          "line": 22,
          "column": 3
        }
      }
    },
    "fnMap": {
      "0": {
        "name": "(anonymous_0)",
        "decl": {
          "start": {
            "line": 9,
            "column": 13
          },
          "end": {
            "line": 9,
            "column": 14
          }
        },
        "loc": {
          "start": {
            "line": 13,
            "column": 30
          },
          "end": {
            "line": 23,
            "column": 1
          }
        },
        "line": 13
      }
    },
    "branchMap": {
      "0": {
        "loc": {
          "start": {
            "line": 10,
            "column": 2
          },
          "end": {
            "line": 10,
            "column": 53
          }
        },
        "type": "default-arg",
        "locations": [
          {
            "start": {
              "line": 10,
              "column": 10
            },
            "end": {
              "line": 10,
              "column": 53
            }
          }
        ],
        "line": 10
      },
      "1": {
        "loc": {
          "start": {
            "line": 11,
            "column": 2
          },
          "end": {
            "line": 11,
            "column": 67
          }
        },
        "type": "default-arg",
        "locations": [
          {
            "start": {
              "line": 11,
              "column": 16
            },
            "end": {
              "line": 11,
              "column": 67
            }
          }
        ],
        "line": 11
      },
      "2": {
        "loc": {
          "start": {
            "line": 12,
            "column": 2
          },
          "end": {
            "line": 12,
            "column": 26
          }
        },
        "type": "default-arg",
        "locations": [
          {
            "start": {
              "line": 12,
              "column": 12
            },
            "end": {
              "line": 12,
              "column": 26
            }
          }
        ],
        "line": 12
      }
    },
    "s": {
      "0": 2,
      "1": 2
    },
    "f": {
      "0": 2
    },
    "b": {
      "0": [
        0
      ],
      "1": [
        0
      ],
      "2": [
        2
      ]
    },
    "_coverageSchema": "1a1c01bbd47fc00a2c39e90264f33305004495a9",
    "hash": "4b1df238216e53eab342f01311399cedac8eb9c8"
  },
  "C:\\Users\\Adam\\Desktop\\mugatu\\components\\layouts\\index.ts": {
    "path": "C:\\Users\\Adam\\Desktop\\mugatu\\components\\layouts\\index.ts",
    "statementMap": {},
    "fnMap": {},
    "branchMap": {},
    "s": {},
    "f": {},
    "b": {},
    "_coverageSchema": "1a1c01bbd47fc00a2c39e90264f33305004495a9",
    "hash": "dbd71ab15c8d9b4f20163fac1c8614abb0bd1c11"
  },
  "C:\\Users\\Adam\\Desktop\\mugatu\\pages\\index.tsx": {
    "path": "C:\\Users\\Adam\\Desktop\\mugatu\\pages\\index.tsx",
    "statementMap": {
      "0": {
        "start": {
          "line": 7,
          "column": 2
        },
        "end": {
          "line": 156,
          "column": 3
        }
      }
    },
    "fnMap": {
      "0": {
        "name": "Home",
        "decl": {
          "start": {
            "line": 6,
            "column": 24
          },
          "end": {
            "line": 6,
            "column": 28
          }
        },
        "loc": {
          "start": {
            "line": 6,
            "column": 44
          },
          "end": {
            "line": 157,
            "column": 1
          }
        },
        "line": 6
      }
    },
    "branchMap": {},
    "s": {
      "0": 1
    },
    "f": {
      "0": 1
    },
    "b": {},
    "_coverageSchema": "1a1c01bbd47fc00a2c39e90264f33305004495a9",
    "hash": "76a1cce898d4e7ae9d4128c2d63af04c87e06b05"
  },
  "C:\\Users\\Adam\\Desktop\\mugatu\\pages\\women\\catalog\\index.tsx": {
    "path": "C:\\Users\\Adam\\Desktop\\mugatu\\pages\\women\\catalog\\index.tsx",
    "statementMap": {
      "0": {
        "start": {
          "line": 4,
          "column": 2
        },
        "end": {
          "line": 14,
          "column": 3
        }
      }
    },
    "fnMap": {
      "0": {
        "name": "WomenCatalog",
        "decl": {
          "start": {
            "line": 3,
            "column": 24
          },
          "end": {
            "line": 3,
            "column": 36
          }
        },
        "loc": {
          "start": {
            "line": 3,
            "column": 52
          },
          "end": {
            "line": 15,
            "column": 1
          }
        },
        "line": 3
      }
    },
    "branchMap": {},
    "s": {
      "0": 1
    },
    "f": {
      "0": 1
    },
    "b": {},
    "_coverageSchema": "1a1c01bbd47fc00a2c39e90264f33305004495a9",
    "hash": "15695b5e90b58340b9444db7a129bceef0bae20e"
  }
}